<?xml version="1.0" encoding="UTF-8"?>
<!-- Generated by org.testng.reporters.JUnitReportReporter -->
<testsuite hostname="DESKTOP-3M4B966" failures="0" tests="1" name="com.restapi_automation.PurchaseAmount_Validation" time="1.188" errors="0" timestamp="2022-07-31T18:14:51 IST" skipped="0">
  <testcase classname="com.restapi_automation.PurchaseAmount_Validation" name="validation_PA" time="1.188"/>
  <system-out/>
</testsuite> <!-- com.restapi_automation.PurchaseAmount_Validation -->
