<?xml version="1.0" encoding="UTF-8"?>
<!-- Generated by org.testng.reporters.JUnitReportReporter -->
<testsuite hostname="DESKTOP-3M4B966" failures="0" tests="6" name="com.restapi_automation.DynamicJson" time="3.171" errors="0" timestamp="2022-08-03T12:31:01 IST" skipped="0">
  <testcase classname="com.restapi_automation.DynamicJson" name="deleteBook" time="0.083"/>
  <system-out/>
  <testcase classname="com.restapi_automation.DynamicJson" name="deleteBook" time="0.093"/>
  <system-out/>
  <testcase classname="com.restapi_automation.DynamicJson" name="addBook" time="0.346"/>
  <system-out/>
  <testcase classname="com.restapi_automation.DynamicJson" name="addBook" time="2.473"/>
  <system-out/>
  <testcase classname="com.restapi_automation.DynamicJson" name="deleteBook" time="0.083"/>
  <system-out/>
  <testcase classname="com.restapi_automation.DynamicJson" name="addBook" time="0.093"/>
  <system-out/>
</testsuite> <!-- com.restapi_automation.DynamicJson -->
